<?xml version="1.0" encoding="UTF-8"?>
<!-- Generated by org.testng.reporters.JUnitXMLReporter -->
<testsuite hostname="DevelopmentPC" ignored="0" name="Test" tests="1" failures="1" timestamp="22 Feb 2020 14:15:54 GMT" time="11.495" errors="0">
  <testcase name="NavigateToHomePage" time="4.821" classname="TestCases.FlipKartHomePage">
    <failure type="java.lang.AssertionError" message="expected [Flipkart] but found []">
      <![CDATA[java.lang.AssertionError: expected [Flipkart] but found []
at TestCases.FlipKartHomePage.NavigateToHomePage(FlipKartHomePage.java:42)
... Removed 31 stack frames]]>
    </failure>
  </testcase> <!-- NavigateToHomePage -->
</testsuite> <!-- Test -->
