<?xml version="1.0" encoding="UTF-8"?>
<testng-results skipped="0" failed="1" ignored="0" total="4" passed="3">
  <reporter-output>
  </reporter-output>
  <suite name="Suite" duration-ms="11423" started-at="2020-02-23T11:29:01Z" finished-at="2020-02-23T11:29:13Z">
    <groups>
    </groups>
    <test name="Ng1" duration-ms="7043" started-at="2020-02-23T11:29:01Z" finished-at="2020-02-23T11:29:08Z">
      <class name="TestCases.FlipKartHomePage">
        <test-method status="PASS" signature="OpenBrowser()[pri:0, instance:TestCases.FlipKartHomePage@54c5a2ff]" name="OpenBrowser" is-config="true" duration-ms="2467" started-at="2020-02-23T11:29:01Z" finished-at="2020-02-23T11:29:04Z">
          <reporter-output>
          </reporter-output>
        </test-method> <!-- OpenBrowser -->
        <test-method status="FAIL" signature="NavigateToHomePage()[pri:0, instance:TestCases.FlipKartHomePage@54c5a2ff]" name="NavigateToHomePage" duration-ms="4140" started-at="2020-02-23T11:29:04Z" finished-at="2020-02-23T11:29:08Z">
          <exception class="java.lang.AssertionError">
            <message>
              <![CDATA[expected [true] but found [false]]]>
            </message>
            <full-stacktrace>
              <![CDATA[java.lang.AssertionError: expected [true] but found [false]
at org.testng.Assert.fail(Assert.java:96)
at org.testng.Assert.failNotEquals(Assert.java:776)
at org.testng.Assert.assertTrue(Assert.java:44)
at org.testng.Assert.assertTrue(Assert.java:54)
at TestCases.FlipKartHomePage.NavigateToHomePage(FlipKartHomePage.java:58)
at sun.reflect.NativeMethodAccessorImpl.invoke0(Native Method)
at sun.reflect.NativeMethodAccessorImpl.invoke(Unknown Source)
at sun.reflect.DelegatingMethodAccessorImpl.invoke(Unknown Source)
at java.lang.reflect.Method.invoke(Unknown Source)
at org.testng.internal.MethodInvocationHelper.invokeMethod(MethodInvocationHelper.java:124)
at org.testng.internal.Invoker.invokeMethod(Invoker.java:580)
at org.testng.internal.Invoker.invokeTestMethod(Invoker.java:716)
at org.testng.internal.Invoker.invokeTestMethods(Invoker.java:988)
at org.testng.internal.TestMethodWorker.invokeTestMethods(TestMethodWorker.java:125)
at org.testng.internal.TestMethodWorker.run(TestMethodWorker.java:109)
at org.testng.TestRunner.privateRun(TestRunner.java:648)
at org.testng.TestRunner.run(TestRunner.java:505)
at org.testng.SuiteRunner.runTest(SuiteRunner.java:455)
at org.testng.SuiteRunner.runSequentially(SuiteRunner.java:450)
at org.testng.SuiteRunner.privateRun(SuiteRunner.java:415)
at org.testng.SuiteRunner.run(SuiteRunner.java:364)
at org.testng.SuiteRunnerWorker.runSuite(SuiteRunnerWorker.java:52)
at org.testng.SuiteRunnerWorker.run(SuiteRunnerWorker.java:84)
at org.testng.TestNG.runSuitesSequentially(TestNG.java:1208)
at org.testng.TestNG.runSuitesLocally(TestNG.java:1137)
at org.testng.TestNG.runSuites(TestNG.java:1049)
at org.testng.TestNG.run(TestNG.java:1017)
at org.testng.remote.AbstractRemoteTestNG.run(AbstractRemoteTestNG.java:115)
at org.testng.remote.RemoteTestNG.initAndRun(RemoteTestNG.java:251)
at org.testng.remote.RemoteTestNG.main(RemoteTestNG.java:77)
]]>
            </full-stacktrace>
          </exception> <!-- java.lang.AssertionError -->
          <reporter-output>
          </reporter-output>
        </test-method> <!-- NavigateToHomePage -->
        <test-method status="PASS" signature="CloseBrowser()[pri:0, instance:TestCases.FlipKartHomePage@54c5a2ff]" name="CloseBrowser" is-config="true" duration-ms="47" started-at="2020-02-23T11:29:08Z" finished-at="2020-02-23T11:29:08Z">
          <reporter-output>
          </reporter-output>
        </test-method> <!-- CloseBrowser -->
      </class> <!-- TestCases.FlipKartHomePage -->
    </test> <!-- Ng1 -->
    <test name="Ng2" duration-ms="4350" started-at="2020-02-23T11:29:08Z" finished-at="2020-02-23T11:29:13Z">
      <class name="TestCases.DemoTestCase2">
        <test-method status="PASS" signature="OpenBrowser()[pri:0, instance:TestCases.DemoTestCase2@1ca3b418]" name="OpenBrowser" is-config="true" duration-ms="2054" started-at="2020-02-23T11:29:08Z" finished-at="2020-02-23T11:29:11Z">
          <reporter-output>
          </reporter-output>
        </test-method> <!-- OpenBrowser -->
        <test-method status="PASS" signature="DemoTest1()[pri:0, instance:TestCases.DemoTestCase2@1ca3b418]" name="DemoTest1" duration-ms="4" started-at="2020-02-23T11:29:11Z" finished-at="2020-02-23T11:29:11Z">
          <reporter-output>
          </reporter-output>
        </test-method> <!-- DemoTest1 -->
        <test-method status="PASS" signature="DemoTest2()[pri:0, instance:TestCases.DemoTestCase2@1ca3b418]" name="DemoTest2" duration-ms="2170" started-at="2020-02-23T11:29:11Z" finished-at="2020-02-23T11:29:13Z">
          <reporter-output>
          </reporter-output>
        </test-method> <!-- DemoTest2 -->
        <test-method status="PASS" signature="DemoTest3()[pri:0, instance:TestCases.DemoTestCase2@1ca3b418]" name="DemoTest3" duration-ms="1" started-at="2020-02-23T11:29:13Z" finished-at="2020-02-23T11:29:13Z">
          <reporter-output>
          </reporter-output>
        </test-method> <!-- DemoTest3 -->
        <test-method status="PASS" signature="CloseBrowser()[pri:0, instance:TestCases.DemoTestCase2@1ca3b418]" name="CloseBrowser" is-config="true" duration-ms="113" started-at="2020-02-23T11:29:13Z" finished-at="2020-02-23T11:29:13Z">
          <reporter-output>
          </reporter-output>
        </test-method> <!-- CloseBrowser -->
      </class> <!-- TestCases.DemoTestCase2 -->
    </test> <!-- Ng2 -->
  </suite> <!-- Suite -->
</testng-results>
